Top 10 Parameter Combinations for d:\Code\Ai\jinrongTest\guPiaoJiaoYi\stock_data\588180\588180_FindReturn.log
Ranked by Annualized Return, then Sharpe Ratio, then Max Drawdown
==================================================
Rank 1:
  Sharpe Ratio: 1.47
  Total Return: 57.04%
  Max Drawdown: -7.11%
  Annualized Return: 18.84%
  Parameters: {'short_window': np.int64(5), 'long_window': np.int64(16), 'volume_mavg_Value': np.int64(9), 'MaRateUp': np.float64(1.5), 'VolumeSellRate': np.float64(3.0), 'rsi_period': np.int64(11), 'rsiValueThd': np.int64(25), 'rsiRateUp': np.float64(1.0), 'divergence_threshold': np.float64(0.04)}
--------------------
Rank 2:
  Sharpe Ratio: 1.42
  Total Return: 56.28%
  Max Drawdown: -7.88%
  Annualized Return: 18.62%
  Parameters: {'short_window': np.int64(5), 'long_window': np.int64(16), 'volume_mavg_Value': np.int64(13), 'MaRateUp': np.float64(1.5), 'VolumeSellRate': np.float64(3.0), 'rsi_period': np.int64(11), 'rsiValueThd': np.int64(33), 'rsiRateUp': np.float64(1.7999999999999998), 'divergence_threshold': np.float64(0.04)}
--------------------
Rank 3:
  Sharpe Ratio: 1.42
  Total Return: 56.28%
  Max Drawdown: -7.88%
  Annualized Return: 18.62%
  Parameters: {'short_window': np.int64(5), 'long_window': np.int64(16), 'volume_mavg_Value': np.int64(13), 'MaRateUp': np.float64(1.5), 'VolumeSellRate': np.float64(3.0), 'rsi_period': np.int64(15), 'rsiValueThd': np.int64(33), 'rsiRateUp': np.float64(1.7999999999999998), 'divergence_threshold': np.float64(0.04)}
--------------------
Rank 4:
  Sharpe Ratio: 1.47
  Total Return: 56.21%
  Max Drawdown: -6.17%
  Annualized Return: 18.60%
  Parameters: {'short_window': np.int64(5), 'long_window': np.int64(16), 'volume_mavg_Value': np.int64(13), 'MaRateUp': np.float64(1.5), 'VolumeSellRate': np.float64(3.0), 'rsi_period': np.int64(7), 'rsiValueThd': np.int64(25), 'rsiRateUp': np.float64(1.7999999999999998), 'divergence_threshold': np.float64(0.04)}
--------------------
Rank 5:
  Sharpe Ratio: 1.47
  Total Return: 56.21%
  Max Drawdown: -6.17%
  Annualized Return: 18.60%
  Parameters: {'short_window': np.int64(5), 'long_window': np.int64(16), 'volume_mavg_Value': np.int64(13), 'MaRateUp': np.float64(1.5), 'VolumeSellRate': np.float64(3.0), 'rsi_period': np.int64(11), 'rsiValueThd': np.int64(25), 'rsiRateUp': np.float64(1.7999999999999998), 'divergence_threshold': np.float64(0.04)}
--------------------
Rank 6:
  Sharpe Ratio: 1.47
  Total Return: 56.21%
  Max Drawdown: -6.17%
  Annualized Return: 18.60%
  Parameters: {'short_window': np.int64(5), 'long_window': np.int64(16), 'volume_mavg_Value': np.int64(13), 'MaRateUp': np.float64(1.5), 'VolumeSellRate': np.float64(3.0), 'rsi_period': np.int64(11), 'rsiValueThd': np.int64(29), 'rsiRateUp': np.float64(1.7999999999999998), 'divergence_threshold': np.float64(0.04)}
--------------------
Rank 7:
  Sharpe Ratio: 1.47
  Total Return: 56.21%
  Max Drawdown: -6.17%
  Annualized Return: 18.60%
  Parameters: {'short_window': np.int64(5), 'long_window': np.int64(16), 'volume_mavg_Value': np.int64(13), 'MaRateUp': np.float64(1.5), 'VolumeSellRate': np.float64(3.0), 'rsi_period': np.int64(15), 'rsiValueThd': np.int64(25), 'rsiRateUp': np.float64(1.7999999999999998), 'divergence_threshold': np.float64(0.04)}
--------------------
Rank 8:
  Sharpe Ratio: 1.47
  Total Return: 56.21%
  Max Drawdown: -6.17%
  Annualized Return: 18.60%
  Parameters: {'short_window': np.int64(5), 'long_window': np.int64(16), 'volume_mavg_Value': np.int64(13), 'MaRateUp': np.float64(1.5), 'VolumeSellRate': np.float64(3.0), 'rsi_period': np.int64(15), 'rsiValueThd': np.int64(29), 'rsiRateUp': np.float64(1.7999999999999998), 'divergence_threshold': np.float64(0.04)}
--------------------
Rank 9:
  Sharpe Ratio: 1.51
  Total Return: 56.09%
  Max Drawdown: -6.58%
  Annualized Return: 18.56%
  Parameters: {'short_window': np.int64(5), 'long_window': np.int64(14), 'volume_mavg_Value': np.int64(9), 'MaRateUp': np.float64(1.5), 'VolumeSellRate': np.float64(3.0), 'rsi_period': np.int64(11), 'rsiValueThd': np.int64(25), 'rsiRateUp': np.float64(1.0), 'divergence_threshold': np.float64(0.04)}
--------------------
Rank 10:
  Sharpe Ratio: 1.42
  Total Return: 56.00%
  Max Drawdown: -8.98%
  Annualized Return: 18.54%
  Parameters: {'short_window': np.int64(5), 'long_window': np.int64(16), 'volume_mavg_Value': np.int64(13), 'MaRateUp': np.float64(1.5), 'VolumeSellRate': np.float64(3.0), 'rsi_period': np.int64(11), 'rsiValueThd': np.int64(25), 'rsiRateUp': np.float64(1.0), 'divergence_threshold': np.float64(0.04)}
--------------------
