2025-09-04 09:08:45,942 [INFO] root: 开始生成报告...
2025-09-04 09:09:30,194 [WARNING] root: 获取A股快照失败: HTTPSConnectionPool(host='82.push2.eastmoney.com', port=443): Max retries exceeded with url: /api/qt/clist/get?pn=19&pz=100&po=1&np=1&ut=bd1d9ddb04089700cf9c27f6f7426281&fltt=2&invt=2&fid=f12&fs=m%3A0+t%3A6%2Cm%3A0+t%3A80%2Cm%3A1+t%3A2%2Cm%3A1+t%3A23%2Cm%3A0+t%3A81+s%3A2048&fields=f1%2Cf2%2Cf3%2Cf4%2Cf5%2Cf6%2Cf7%2Cf8%2Cf9%2Cf10%2Cf12%2Cf13%2Cf14%2Cf15%2Cf16%2Cf17%2Cf18%2Cf20%2Cf21%2Cf23%2Cf24%2Cf25%2Cf22%2Cf11%2Cf62%2Cf128%2Cf136%2Cf115%2Cf152 (Caused by ConnectTimeoutError(<urllib3.connection.HTTPSConnection object at 0x7ebcab5de420>, 'Connection to 82.push2.eastmoney.com timed out. (connect timeout=15)'))
2025-09-04 09:09:52,184 [INFO] root: 开始生成报告...
2025-09-04 09:11:39,202 [INFO] root: 开始构建指数数据...
2025-09-04 09:12:07,039 [INFO] root: 开始构建涨跌家数数据...
2025-09-04 09:12:08,600 [INFO] root: 开始构建风格ETF数据...
2025-09-04 09:12:08,691 [INFO] root: 风格ETF数据处理完成: 找到7/7个，缺失0个
2025-09-04 09:12:08,693 [INFO] root: 开始构建行业与主题ETF数据...
2025-09-04 09:12:09,221 [INFO] root: 开始构建风险偏好数据...
2025-09-04 09:12:09,977 [INFO] root: 开始构建全球关联数据...
2025-09-04 09:12:50,961 [INFO] root: 报告已生成: /content/drive/MyDrive/newGupiao/guPiaoJiaoYi/webhtml/output/reports/report_2025-09-04.html
2025-09-04 09:12:54,508 [INFO] root: 报告邮件发送结果: 成功
2025-09-04 09:53:38,276 [INFO] root: 开始生成报告...
2025-09-04 09:54:09,870 [WARNING] root: 获取A股快照失败: HTTPSConnectionPool(host='82.push2delay.eastmoney.com', port=443): Max retries exceeded with url: /api/qt/clist/get?pn=12&pz=100&po=1&np=1&ut=bd1d9ddb04089700cf9c27f6f7426281&fltt=2&invt=2&fid=f12&fs=m%3A0+t%3A6%2Cm%3A0+t%3A80%2Cm%3A1+t%3A2%2Cm%3A1+t%3A23%2Cm%3A0+t%3A81+s%3A2048&fields=f1%2Cf2%2Cf3%2Cf4%2Cf5%2Cf6%2Cf7%2Cf8%2Cf9%2Cf10%2Cf12%2Cf13%2Cf14%2Cf15%2Cf16%2Cf17%2Cf18%2Cf20%2Cf21%2Cf23%2Cf24%2Cf25%2Cf22%2Cf11%2Cf62%2Cf128%2Cf136%2Cf115%2Cf152 (Caused by ConnectTimeoutError(<urllib3.connection.HTTPSConnection object at 0x7847aaf3a960>, 'Connection to 82.push2delay.eastmoney.com timed out. (connect timeout=15)'))
2025-09-04 09:54:09,870 [INFO] root: 开始构建指数数据...
2025-09-04 09:54:36,678 [INFO] root: 开始构建涨跌家数数据...
2025-09-04 09:54:38,311 [INFO] root: 开始构建风格ETF数据...
2025-09-04 09:55:08,946 [INFO] root: 风格ETF数据处理完成: 找到7/7个，缺失0个
2025-09-04 09:55:08,947 [INFO] root: 开始构建行业与主题ETF数据...
2025-09-04 09:55:08,947 [WARNING] root: 行业与主题获取失败，使用mock: A股快照为空
2025-09-04 09:55:08,947 [INFO] root: 开始构建风险偏好数据...
2025-09-04 09:55:12,224 [INFO] root: 开始构建全球关联数据...
2025-09-04 09:55:22,144 [INFO] root: 报告已生成: /content/drive/MyDrive/newGupiao/guPiaoJiaoYi/webhtml/output/reports/report_2025-09-04.html
2025-09-04 09:55:25,612 [INFO] root: 报告邮件发送结果: 成功
2025-09-04 11:38:55,682 [INFO] root: 开始生成报告...
2025-09-04 11:40:34,593 [INFO] root: 开始构建指数数据...
2025-09-04 11:41:40,892 [INFO] root: 开始构建涨跌家数数据...
2025-09-04 11:41:42,512 [INFO] root: 开始构建风格ETF数据...
2025-09-04 11:42:11,945 [INFO] root: 风格ETF数据处理完成: 找到7/7个，缺失0个
2025-09-04 11:42:11,945 [INFO] root: 开始构建行业与主题ETF数据...
2025-09-04 11:42:27,104 [INFO] root: 开始构建风险偏好数据...
2025-09-04 11:42:30,548 [INFO] root: 开始构建全球关联数据...
2025-09-04 11:42:41,375 [INFO] root: 报告已生成: /content/drive/MyDrive/newGupiao/guPiaoJiaoYi/webhtml/output/reports/report_2025-09-04.html
2025-09-04 11:42:45,767 [INFO] root: 报告邮件发送结果: 成功
2025-09-04 12:27:08,503 [INFO] root: 开始生成报告...
2025-09-04 12:28:23,777 [WARNING] root: 获取A股快照失败: HTTPSConnectionPool(host='82.push2.eastmoney.com', port=443): Max retries exceeded with url: /api/qt/clist/get?pn=30&pz=100&po=1&np=1&ut=bd1d9ddb04089700cf9c27f6f7426281&fltt=2&invt=2&fid=f12&fs=m%3A0+t%3A6%2Cm%3A0+t%3A80%2Cm%3A1+t%3A2%2Cm%3A1+t%3A23%2Cm%3A0+t%3A81+s%3A2048&fields=f1%2Cf2%2Cf3%2Cf4%2Cf5%2Cf6%2Cf7%2Cf8%2Cf9%2Cf10%2Cf12%2Cf13%2Cf14%2Cf15%2Cf16%2Cf17%2Cf18%2Cf20%2Cf21%2Cf23%2Cf24%2Cf25%2Cf22%2Cf11%2Cf62%2Cf128%2Cf136%2Cf115%2Cf152 (Caused by ConnectTimeoutError(<urllib3.connection.HTTPSConnection object at 0x7e6b8f14d550>, 'Connection to 82.push2.eastmoney.com timed out. (connect timeout=15)'))
2025-09-04 12:28:23,778 [INFO] root: 开始构建指数数据...
2025-09-04 12:29:02,647 [INFO] root: 开始生成报告...
2025-09-04 12:30:45,712 [INFO] root: 开始构建指数数据...
2025-09-04 12:31:20,992 [INFO] root: 开始构建涨跌家数数据...
2025-09-04 12:31:22,662 [INFO] root: 开始构建风格ETF数据...
2025-09-04 12:31:53,983 [INFO] root: 风格ETF数据处理完成: 找到7/7个，缺失0个
2025-09-04 12:31:53,983 [INFO] root: 开始构建行业与主题ETF数据...
2025-09-04 12:32:10,829 [INFO] root: 开始构建风险偏好数据...
2025-09-04 12:32:13,547 [INFO] root: 开始构建全球关联数据...
2025-09-04 12:32:22,356 [INFO] root: 报告已生成: /content/drive/MyDrive/newGupiao/guPiaoJiaoYi/webhtml/output/reports/report_2025-09-04.html
2025-09-04 12:32:28,199 [INFO] root: 报告邮件发送结果: 成功
