[Wed 08 20 09:59] 开始执行自动任务 
[Wed 08 20 09:59] 检查Python环境... 
[Wed 08 20 09:59] 找到Python:  
[Wed 08 20 09:59] 开始执行Python脚本: D:\code-touzi\gitHub\guPiaoJiaoYi\autoProcess.py 
[Wed 08 20 09:59] 执行命令: D:\Programs\Python\Python310\python.exe "D:\code-touzi\gitHub\guPiaoJiaoYi\autoProcess.py" 
[Wed 08 20 09:59] Python脚本输出开始 ========================================== 
code path is  D:\code-touzi\gitHub\guPiaoJiaoYi
D:\code-touzi\gitHub\guPiaoJiaoYi
当前操作系统: Windows，正在配置中文字体...
==================================================
开始执行 588180.SH 交易策略自动化流程...
执行时间: 2025-08-20 21:59:08
==================================================

[步骤 1/3] 正在获取最新ETF数据...
----开始获取588180_ETF分钟数据----------） 
正在获取 120 分钟数据...
python.exe : 
At line:1 char:1
+ & 'D:\Programs\Python\Python310\python.exe' 'D:\code-touzi\gitHub\guP ...
+ ~~~~~~~~~~~~~~~~~~~~~~~~~~~~~~~~~~~~~~~~~~~~~~~~~~~~~~~~~~~~~~~~~~~~~
    + CategoryInfo          : NotSpecified: (:String) [], RemoteException
    + FullyQualifiedErrorId : NativeCommandError
 
  0%|          | 0/12 [00:00<?, ?it/s]
  8%|▊         | 1/12 [00:02<00:23,  2.17s/it]
 17%|█▋        | 2/12 [00:04<00:21,  2.20s/it]
 25%|██▌       | 3/12 [00:06<00:19,  2.19s/it]
 33%|███▎      | 4/12 [00:08<00:17,  2.18s/it]
 42%|████▏     | 5/12 [00:10<00:15,  2.20s/it]
 50%|█████     | 6/12 [00:13<00:13,  2.19s/it]
 58%|█████▊    | 7/12 [00:15<00:10,  2.18s/it]
 67%|██████▋   | 8/12 [00:17<00:08,  2.18s/it]
 75%|███████▌  | 9/12 [00:19<00:06,  2.18s/it]
 83%|████████▎ | 10/12 [00:21<00:04,  2.20s/it]
 92%|█████████▏| 11/12 [00:24<00:02,  2.20s/it]
100%|██████████| 12/12 [00:26<00:00,  2.19s/it]
                                               

path is D:\code-touzi\gitHub\guPiaoJiaoYi\stock_data\588180\588180_120.csv
成功保存 120 分钟数据，新增 64 条
path is D:\code-touzi\gitHub\guPiaoJiaoYi\stock_data\588180\588180_Day.csv
成功保存日线数据，新增 1005 条
数据获取成功。

[步骤 2/3] 正在分析交易信号...
已为 588180 从 'strategy_params.json' 加载策略参数。
分析完成。588180.SH 的今日信号: 无信号

[步骤 3/3] 正在准备发送邮件通知...
图片文件夹路径为: D:\code-touzi\gitHub\guPiaoJiaoYi\pic
邮件发送器已初始化，使用 GMAIL 服务。
发件人: jackwlianmu@gmail.com
邮件已成功发送至: wzq1314192567@gmail.com, wzq1314192567@outlook.com, 550661468@qq.com
邮件通知已成功发送。

==================================================
自动化流程执行完毕。
==================================================
==================================================
开始执行 159915.SH 交易策略自动化流程...
执行时间: 2025-08-20 22:00:07
==================================================

[步骤 1/3] 正在获取最新ETF数据...
----开始获取159915_ETF分钟数据----------） 
正在获取 120 分钟数据...
path is D:\code-touzi\gitHub\guPiaoJiaoYi\stock_data\159915\159915_120.csv
成功保存 120 分钟数据，新增 64 条
path is D:\code-touzi\gitHub\guPiaoJiaoYi\stock_data\159915\159915_Day.csv
成功保存日线数据，新增 1122 条
数据获取成功。

[步骤 2/3] 正在分析交易信号...
已为 159915 从 'strategy_params.json' 加载策略参数。
分析完成。159915.SH 的今日信号: 无信号

[步骤 3/3] 正在准备发送邮件通知...
图片文件夹路径为: D:\code-touzi\gitHub\guPiaoJiaoYi\pic
邮件发送器已初始化，使用 GMAIL 服务。
发件人: jackwlianmu@gmail.com
邮件已成功发送至: wzq1314192567@gmail.com, wzq1314192567@outlook.com, 550661468@qq.com
邮件通知已成功发送。

==================================================
自动化流程执行完毕。
==================================================
==================================================
开始执行 513160.SH 交易策略自动化流程...
执行时间: 2025-08-20 22:00:32
==================================================

[步骤 1/3] 正在获取最新ETF数据...
----开始获取513160_ETF分钟数据----------） 
正在获取 120 分钟数据...
path is D:\code-touzi\gitHub\guPiaoJiaoYi\stock_data\513160\513160_120.csv
成功保存 120 分钟数据，新增 64 条
path is D:\code-touzi\gitHub\guPiaoJiaoYi\stock_data\513160\513160_Day.csv
成功保存日线数据，新增 859 条
数据获取成功。

[步骤 2/3] 正在分析交易信号...
已为 513160 从 'strategy_params.json' 加载策略参数。
分析完成。513160.SH 的今日信号: 无信号

[步骤 3/3] 正在准备发送邮件通知...
图片文件夹路径为: D:\code-touzi\gitHub\guPiaoJiaoYi\pic
邮件发送器已初始化，使用 GMAIL 服务。
发件人: jackwlianmu@gmail.com
邮件已成功发送至: wzq1314192567@gmail.com, wzq1314192567@outlook.com, 550661468@qq.com
邮件通知已成功发送。

==================================================
自动化流程执行完毕。
==================================================
[Wed 08 20 09:59] Python脚本输出结束 ========================================== 
[Wed 08 20 09:59] 错误: Python脚本执行失败，错误代码: 1 
[Wed 08 20 09:59] 请检查脚本内容和Python环境 
[Wed 08 20 09:59] 自动任务结束 ========================================== 
 
