Top 50 Parameter Combinations for 159843
Ranked by Total Return, then Sharpe Ratio, then Max Drawdown
==================================================
Rank 1:
  Sharpe Ratio: 0.92
  Total Return: 66.48%
  Max Drawdown: -18.58%
  Annualized Return: 14.17%
  Parameters: {
  "short_window": 3,
  "long_window": 10,
  "volume_mavg_Value": 13,
  "MaRateUp": 1.0,
  "VolumeSellRate": 2.0,
  "rsi_period": 7,
  "rsiValueThd": 25,
  "rsiRateUp": 2,
  "divergence_threshold": 0.03
}
--------------------
Rank 2:
  Sharpe Ratio: 0.92
  Total Return: 66.48%
  Max Drawdown: -18.58%
  Annualized Return: 14.17%
  Parameters: {
  "short_window": 3,
  "long_window": 10,
  "volume_mavg_Value": 13,
  "MaRateUp": 1.0,
  "VolumeSellRate": 2.0,
  "rsi_period": 7,
  "rsiValueThd": 27,
  "rsiRateUp": 2,
  "divergence_threshold": 0.03
}
--------------------
Rank 3:
  Sharpe Ratio: 0.92
  Total Return: 66.48%
  Max Drawdown: -18.58%
  Annualized Return: 14.17%
  Parameters: {
  "short_window": 3,
  "long_window": 10,
  "volume_mavg_Value": 13,
  "MaRateUp": 1.0,
  "VolumeSellRate": 2.0,
  "rsi_period": 9,
  "rsiValueThd": 25,
  "rsiRateUp": 2,
  "divergence_threshold": 0.03
}
--------------------
Rank 4:
  Sharpe Ratio: 0.92
  Total Return: 66.48%
  Max Drawdown: -18.58%
  Annualized Return: 14.17%
  Parameters: {
  "short_window": 3,
  "long_window": 10,
  "volume_mavg_Value": 13,
  "MaRateUp": 1.0,
  "VolumeSellRate": 2.0,
  "rsi_period": 9,
  "rsiValueThd": 27,
  "rsiRateUp": 2,
  "divergence_threshold": 0.03
}
--------------------
Rank 5:
  Sharpe Ratio: 0.92
  Total Return: 66.48%
  Max Drawdown: -18.58%
  Annualized Return: 14.17%
  Parameters: {
  "short_window": 3,
  "long_window": 10,
  "volume_mavg_Value": 13,
  "MaRateUp": 1.0,
  "VolumeSellRate": 2.0,
  "rsi_period": 9,
  "rsiValueThd": 29,
  "rsiRateUp": 2,
  "divergence_threshold": 0.03
}
--------------------
Rank 6:
  Sharpe Ratio: 0.92
  Total Return: 66.48%
  Max Drawdown: -18.58%
  Annualized Return: 14.17%
  Parameters: {
  "short_window": 3,
  "long_window": 10,
  "volume_mavg_Value": 13,
  "MaRateUp": 1.0,
  "VolumeSellRate": 2.0,
  "rsi_period": 9,
  "rsiValueThd": 31,
  "rsiRateUp": 2,
  "divergence_threshold": 0.03
}
--------------------
Rank 7:
  Sharpe Ratio: 0.92
  Total Return: 66.48%
  Max Drawdown: -18.58%
  Annualized Return: 14.17%
  Parameters: {
  "short_window": 3,
  "long_window": 10,
  "volume_mavg_Value": 13,
  "MaRateUp": 1.0,
  "VolumeSellRate": 2.0,
  "rsi_period": 11,
  "rsiValueThd": 25,
  "rsiRateUp": 2,
  "divergence_threshold": 0.03
}
--------------------
Rank 8:
  Sharpe Ratio: 0.92
  Total Return: 66.48%
  Max Drawdown: -18.58%
  Annualized Return: 14.17%
  Parameters: {
  "short_window": 3,
  "long_window": 10,
  "volume_mavg_Value": 13,
  "MaRateUp": 1.0,
  "VolumeSellRate": 2.0,
  "rsi_period": 11,
  "rsiValueThd": 27,
  "rsiRateUp": 2,
  "divergence_threshold": 0.03
}
--------------------
Rank 9:
  Sharpe Ratio: 0.92
  Total Return: 66.48%
  Max Drawdown: -18.58%
  Annualized Return: 14.17%
  Parameters: {
  "short_window": 3,
  "long_window": 10,
  "volume_mavg_Value": 13,
  "MaRateUp": 1.0,
  "VolumeSellRate": 2.0,
  "rsi_period": 11,
  "rsiValueThd": 29,
  "rsiRateUp": 2,
  "divergence_threshold": 0.03
}
--------------------
Rank 10:
  Sharpe Ratio: 0.92
  Total Return: 66.48%
  Max Drawdown: -18.58%
  Annualized Return: 14.17%
  Parameters: {
  "short_window": 3,
  "long_window": 10,
  "volume_mavg_Value": 13,
  "MaRateUp": 1.0,
  "VolumeSellRate": 2.0,
  "rsi_period": 11,
  "rsiValueThd": 33,
  "rsiRateUp": 2,
  "divergence_threshold": 0.03
}
--------------------
Rank 11:
  Sharpe Ratio: 0.92
  Total Return: 66.48%
  Max Drawdown: -18.58%
  Annualized Return: 14.17%
  Parameters: {
  "short_window": 3,
  "long_window": 10,
  "volume_mavg_Value": 13,
  "MaRateUp": 1.0,
  "VolumeSellRate": 2.0,
  "rsi_period": 11,
  "rsiValueThd": 31,
  "rsiRateUp": 2,
  "divergence_threshold": 0.03
}
--------------------
Rank 12:
  Sharpe Ratio: 0.92
  Total Return: 66.48%
  Max Drawdown: -18.58%
  Annualized Return: 14.17%
  Parameters: {
  "short_window": 3,
  "long_window": 10,
  "volume_mavg_Value": 13,
  "MaRateUp": 1.0,
  "VolumeSellRate": 2.0,
  "rsi_period": 13,
  "rsiValueThd": 25,
  "rsiRateUp": 2,
  "divergence_threshold": 0.03
}
--------------------
Rank 13:
  Sharpe Ratio: 0.92
  Total Return: 66.48%
  Max Drawdown: -18.58%
  Annualized Return: 14.17%
  Parameters: {
  "short_window": 3,
  "long_window": 10,
  "volume_mavg_Value": 13,
  "MaRateUp": 1.0,
  "VolumeSellRate": 2.0,
  "rsi_period": 13,
  "rsiValueThd": 27,
  "rsiRateUp": 2,
  "divergence_threshold": 0.03
}
--------------------
Rank 14:
  Sharpe Ratio: 0.92
  Total Return: 66.48%
  Max Drawdown: -18.58%
  Annualized Return: 14.17%
  Parameters: {
  "short_window": 3,
  "long_window": 10,
  "volume_mavg_Value": 13,
  "MaRateUp": 1.0,
  "VolumeSellRate": 2.0,
  "rsi_period": 13,
  "rsiValueThd": 29,
  "rsiRateUp": 2,
  "divergence_threshold": 0.03
}
--------------------
Rank 15:
  Sharpe Ratio: 0.92
  Total Return: 66.48%
  Max Drawdown: -18.58%
  Annualized Return: 14.17%
  Parameters: {
  "short_window": 3,
  "long_window": 10,
  "volume_mavg_Value": 13,
  "MaRateUp": 1.0,
  "VolumeSellRate": 2.0,
  "rsi_period": 13,
  "rsiValueThd": 33,
  "rsiRateUp": 2,
  "divergence_threshold": 0.03
}
--------------------
Rank 16:
  Sharpe Ratio: 0.92
  Total Return: 66.48%
  Max Drawdown: -18.58%
  Annualized Return: 14.17%
  Parameters: {
  "short_window": 3,
  "long_window": 10,
  "volume_mavg_Value": 13,
  "MaRateUp": 1.0,
  "VolumeSellRate": 2.0,
  "rsi_period": 13,
  "rsiValueThd": 31,
  "rsiRateUp": 2,
  "divergence_threshold": 0.03
}
--------------------
Rank 17:
  Sharpe Ratio: 0.92
  Total Return: 66.48%
  Max Drawdown: -18.58%
  Annualized Return: 14.17%
  Parameters: {
  "short_window": 3,
  "long_window": 10,
  "volume_mavg_Value": 13,
  "MaRateUp": 1.0,
  "VolumeSellRate": 2.0,
  "rsi_period": 15,
  "rsiValueThd": 25,
  "rsiRateUp": 2,
  "divergence_threshold": 0.03
}
--------------------
Rank 18:
  Sharpe Ratio: 0.92
  Total Return: 66.48%
  Max Drawdown: -18.58%
  Annualized Return: 14.17%
  Parameters: {
  "short_window": 3,
  "long_window": 10,
  "volume_mavg_Value": 13,
  "MaRateUp": 1.0,
  "VolumeSellRate": 2.0,
  "rsi_period": 15,
  "rsiValueThd": 27,
  "rsiRateUp": 2,
  "divergence_threshold": 0.03
}
--------------------
Rank 19:
  Sharpe Ratio: 0.92
  Total Return: 66.48%
  Max Drawdown: -18.58%
  Annualized Return: 14.17%
  Parameters: {
  "short_window": 3,
  "long_window": 10,
  "volume_mavg_Value": 13,
  "MaRateUp": 1.0,
  "VolumeSellRate": 2.0,
  "rsi_period": 15,
  "rsiValueThd": 29,
  "rsiRateUp": 2,
  "divergence_threshold": 0.03
}
--------------------
Rank 20:
  Sharpe Ratio: 0.92
  Total Return: 66.48%
  Max Drawdown: -18.58%
  Annualized Return: 14.17%
  Parameters: {
  "short_window": 3,
  "long_window": 10,
  "volume_mavg_Value": 13,
  "MaRateUp": 1.0,
  "VolumeSellRate": 2.0,
  "rsi_period": 15,
  "rsiValueThd": 31,
  "rsiRateUp": 2,
  "divergence_threshold": 0.03
}
--------------------
Rank 21:
  Sharpe Ratio: 0.92
  Total Return: 66.48%
  Max Drawdown: -18.58%
  Annualized Return: 14.17%
  Parameters: {
  "short_window": 3,
  "long_window": 10,
  "volume_mavg_Value": 13,
  "MaRateUp": 1.0,
  "VolumeSellRate": 2.0,
  "rsi_period": 15,
  "rsiValueThd": 33,
  "rsiRateUp": 2,
  "divergence_threshold": 0.03
}
--------------------
Rank 22:
  Sharpe Ratio: 0.91
  Total Return: 66.16%
  Max Drawdown: -19.80%
  Annualized Return: 14.12%
  Parameters: {
  "short_window": 3,
  "long_window": 10,
  "volume_mavg_Value": 11,
  "MaRateUp": 1.0,
  "VolumeSellRate": 2.0,
  "rsi_period": 7,
  "rsiValueThd": 25,
  "rsiRateUp": 2,
  "divergence_threshold": 0.03
}
--------------------
Rank 23:
  Sharpe Ratio: 0.91
  Total Return: 66.16%
  Max Drawdown: -19.80%
  Annualized Return: 14.12%
  Parameters: {
  "short_window": 3,
  "long_window": 10,
  "volume_mavg_Value": 11,
  "MaRateUp": 1.0,
  "VolumeSellRate": 2.0,
  "rsi_period": 7,
  "rsiValueThd": 27,
  "rsiRateUp": 2,
  "divergence_threshold": 0.03
}
--------------------
Rank 24:
  Sharpe Ratio: 0.91
  Total Return: 66.16%
  Max Drawdown: -19.80%
  Annualized Return: 14.12%
  Parameters: {
  "short_window": 3,
  "long_window": 10,
  "volume_mavg_Value": 11,
  "MaRateUp": 1.0,
  "VolumeSellRate": 2.0,
  "rsi_period": 9,
  "rsiValueThd": 25,
  "rsiRateUp": 2,
  "divergence_threshold": 0.03
}
--------------------
Rank 25:
  Sharpe Ratio: 0.91
  Total Return: 66.16%
  Max Drawdown: -19.80%
  Annualized Return: 14.12%
  Parameters: {
  "short_window": 3,
  "long_window": 10,
  "volume_mavg_Value": 11,
  "MaRateUp": 1.0,
  "VolumeSellRate": 2.0,
  "rsi_period": 9,
  "rsiValueThd": 27,
  "rsiRateUp": 2,
  "divergence_threshold": 0.03
}
--------------------
Rank 26:
  Sharpe Ratio: 0.91
  Total Return: 66.16%
  Max Drawdown: -19.80%
  Annualized Return: 14.12%
  Parameters: {
  "short_window": 3,
  "long_window": 10,
  "volume_mavg_Value": 11,
  "MaRateUp": 1.0,
  "VolumeSellRate": 2.0,
  "rsi_period": 9,
  "rsiValueThd": 29,
  "rsiRateUp": 2,
  "divergence_threshold": 0.03
}
--------------------
Rank 27:
  Sharpe Ratio: 0.91
  Total Return: 66.16%
  Max Drawdown: -19.80%
  Annualized Return: 14.12%
  Parameters: {
  "short_window": 3,
  "long_window": 10,
  "volume_mavg_Value": 11,
  "MaRateUp": 1.0,
  "VolumeSellRate": 2.0,
  "rsi_period": 9,
  "rsiValueThd": 31,
  "rsiRateUp": 2,
  "divergence_threshold": 0.03
}
--------------------
Rank 28:
  Sharpe Ratio: 0.91
  Total Return: 66.16%
  Max Drawdown: -19.80%
  Annualized Return: 14.12%
  Parameters: {
  "short_window": 3,
  "long_window": 10,
  "volume_mavg_Value": 11,
  "MaRateUp": 1.0,
  "VolumeSellRate": 2.0,
  "rsi_period": 11,
  "rsiValueThd": 25,
  "rsiRateUp": 2,
  "divergence_threshold": 0.03
}
--------------------
Rank 29:
  Sharpe Ratio: 0.91
  Total Return: 66.16%
  Max Drawdown: -19.80%
  Annualized Return: 14.12%
  Parameters: {
  "short_window": 3,
  "long_window": 10,
  "volume_mavg_Value": 11,
  "MaRateUp": 1.0,
  "VolumeSellRate": 2.0,
  "rsi_period": 11,
  "rsiValueThd": 27,
  "rsiRateUp": 2,
  "divergence_threshold": 0.03
}
--------------------
Rank 30:
  Sharpe Ratio: 0.91
  Total Return: 66.16%
  Max Drawdown: -19.80%
  Annualized Return: 14.12%
  Parameters: {
  "short_window": 3,
  "long_window": 10,
  "volume_mavg_Value": 11,
  "MaRateUp": 1.0,
  "VolumeSellRate": 2.0,
  "rsi_period": 11,
  "rsiValueThd": 29,
  "rsiRateUp": 2,
  "divergence_threshold": 0.03
}
--------------------
Rank 31:
  Sharpe Ratio: 0.91
  Total Return: 66.16%
  Max Drawdown: -19.80%
  Annualized Return: 14.12%
  Parameters: {
  "short_window": 3,
  "long_window": 10,
  "volume_mavg_Value": 11,
  "MaRateUp": 1.0,
  "VolumeSellRate": 2.0,
  "rsi_period": 11,
  "rsiValueThd": 31,
  "rsiRateUp": 2,
  "divergence_threshold": 0.03
}
--------------------
Rank 32:
  Sharpe Ratio: 0.91
  Total Return: 66.16%
  Max Drawdown: -19.80%
  Annualized Return: 14.12%
  Parameters: {
  "short_window": 3,
  "long_window": 10,
  "volume_mavg_Value": 11,
  "MaRateUp": 1.0,
  "VolumeSellRate": 2.0,
  "rsi_period": 11,
  "rsiValueThd": 33,
  "rsiRateUp": 2,
  "divergence_threshold": 0.03
}
--------------------
Rank 33:
  Sharpe Ratio: 0.91
  Total Return: 66.16%
  Max Drawdown: -19.80%
  Annualized Return: 14.12%
  Parameters: {
  "short_window": 3,
  "long_window": 10,
  "volume_mavg_Value": 11,
  "MaRateUp": 1.0,
  "VolumeSellRate": 2.0,
  "rsi_period": 13,
  "rsiValueThd": 27,
  "rsiRateUp": 2,
  "divergence_threshold": 0.03
}
--------------------
Rank 34:
  Sharpe Ratio: 0.91
  Total Return: 66.16%
  Max Drawdown: -19.80%
  Annualized Return: 14.12%
  Parameters: {
  "short_window": 3,
  "long_window": 10,
  "volume_mavg_Value": 11,
  "MaRateUp": 1.0,
  "VolumeSellRate": 2.0,
  "rsi_period": 13,
  "rsiValueThd": 25,
  "rsiRateUp": 2,
  "divergence_threshold": 0.03
}
--------------------
Rank 35:
  Sharpe Ratio: 0.91
  Total Return: 66.16%
  Max Drawdown: -19.80%
  Annualized Return: 14.12%
  Parameters: {
  "short_window": 3,
  "long_window": 10,
  "volume_mavg_Value": 11,
  "MaRateUp": 1.0,
  "VolumeSellRate": 2.0,
  "rsi_period": 13,
  "rsiValueThd": 29,
  "rsiRateUp": 2,
  "divergence_threshold": 0.03
}
--------------------
Rank 36:
  Sharpe Ratio: 0.91
  Total Return: 66.16%
  Max Drawdown: -19.80%
  Annualized Return: 14.12%
  Parameters: {
  "short_window": 3,
  "long_window": 10,
  "volume_mavg_Value": 11,
  "MaRateUp": 1.0,
  "VolumeSellRate": 2.0,
  "rsi_period": 13,
  "rsiValueThd": 31,
  "rsiRateUp": 2,
  "divergence_threshold": 0.03
}
--------------------
Rank 37:
  Sharpe Ratio: 0.91
  Total Return: 66.16%
  Max Drawdown: -19.80%
  Annualized Return: 14.12%
  Parameters: {
  "short_window": 3,
  "long_window": 10,
  "volume_mavg_Value": 11,
  "MaRateUp": 1.0,
  "VolumeSellRate": 2.0,
  "rsi_period": 13,
  "rsiValueThd": 33,
  "rsiRateUp": 2,
  "divergence_threshold": 0.03
}
--------------------
Rank 38:
  Sharpe Ratio: 0.91
  Total Return: 66.16%
  Max Drawdown: -19.80%
  Annualized Return: 14.12%
  Parameters: {
  "short_window": 3,
  "long_window": 10,
  "volume_mavg_Value": 11,
  "MaRateUp": 1.0,
  "VolumeSellRate": 2.0,
  "rsi_period": 15,
  "rsiValueThd": 25,
  "rsiRateUp": 2,
  "divergence_threshold": 0.03
}
--------------------
Rank 39:
  Sharpe Ratio: 0.91
  Total Return: 66.16%
  Max Drawdown: -19.80%
  Annualized Return: 14.12%
  Parameters: {
  "short_window": 3,
  "long_window": 10,
  "volume_mavg_Value": 11,
  "MaRateUp": 1.0,
  "VolumeSellRate": 2.0,
  "rsi_period": 15,
  "rsiValueThd": 27,
  "rsiRateUp": 2,
  "divergence_threshold": 0.03
}
--------------------
Rank 40:
  Sharpe Ratio: 0.91
  Total Return: 66.16%
  Max Drawdown: -19.80%
  Annualized Return: 14.12%
  Parameters: {
  "short_window": 3,
  "long_window": 10,
  "volume_mavg_Value": 11,
  "MaRateUp": 1.0,
  "VolumeSellRate": 2.0,
  "rsi_period": 15,
  "rsiValueThd": 29,
  "rsiRateUp": 2,
  "divergence_threshold": 0.03
}
--------------------
Rank 41:
  Sharpe Ratio: 0.91
  Total Return: 66.16%
  Max Drawdown: -19.80%
  Annualized Return: 14.12%
  Parameters: {
  "short_window": 3,
  "long_window": 10,
  "volume_mavg_Value": 11,
  "MaRateUp": 1.0,
  "VolumeSellRate": 2.0,
  "rsi_period": 15,
  "rsiValueThd": 33,
  "rsiRateUp": 2,
  "divergence_threshold": 0.03
}
--------------------
Rank 42:
  Sharpe Ratio: 0.91
  Total Return: 66.16%
  Max Drawdown: -19.80%
  Annualized Return: 14.12%
  Parameters: {
  "short_window": 3,
  "long_window": 10,
  "volume_mavg_Value": 11,
  "MaRateUp": 1.0,
  "VolumeSellRate": 2.0,
  "rsi_period": 15,
  "rsiValueThd": 31,
  "rsiRateUp": 2,
  "divergence_threshold": 0.03
}
--------------------
Rank 43:
  Sharpe Ratio: 0.90
  Total Return: 64.25%
  Max Drawdown: -18.58%
  Annualized Return: 13.77%
  Parameters: {
  "short_window": 3,
  "long_window": 10,
  "volume_mavg_Value": 13,
  "MaRateUp": 1.0,
  "VolumeSellRate": 2.0,
  "rsi_period": 7,
  "rsiValueThd": 29,
  "rsiRateUp": 2,
  "divergence_threshold": 0.03
}
--------------------
Rank 44:
  Sharpe Ratio: 0.90
  Total Return: 64.25%
  Max Drawdown: -18.58%
  Annualized Return: 13.77%
  Parameters: {
  "short_window": 3,
  "long_window": 10,
  "volume_mavg_Value": 13,
  "MaRateUp": 1.0,
  "VolumeSellRate": 2.0,
  "rsi_period": 7,
  "rsiValueThd": 31,
  "rsiRateUp": 2,
  "divergence_threshold": 0.03
}
--------------------
Rank 45:
  Sharpe Ratio: 0.90
  Total Return: 64.25%
  Max Drawdown: -18.58%
  Annualized Return: 13.77%
  Parameters: {
  "short_window": 3,
  "long_window": 10,
  "volume_mavg_Value": 13,
  "MaRateUp": 1.0,
  "VolumeSellRate": 2.0,
  "rsi_period": 7,
  "rsiValueThd": 33,
  "rsiRateUp": 2,
  "divergence_threshold": 0.03
}
--------------------
Rank 46:
  Sharpe Ratio: 0.90
  Total Return: 64.25%
  Max Drawdown: -18.58%
  Annualized Return: 13.77%
  Parameters: {
  "short_window": 3,
  "long_window": 10,
  "volume_mavg_Value": 13,
  "MaRateUp": 1.0,
  "VolumeSellRate": 2.0,
  "rsi_period": 9,
  "rsiValueThd": 33,
  "rsiRateUp": 2,
  "divergence_threshold": 0.03
}
--------------------
Rank 47:
  Sharpe Ratio: 0.88
  Total Return: 63.79%
  Max Drawdown: -19.80%
  Annualized Return: 13.69%
  Parameters: {
  "short_window": 3,
  "long_window": 10,
  "volume_mavg_Value": 11,
  "MaRateUp": 1.0,
  "VolumeSellRate": 2.0,
  "rsi_period": 7,
  "rsiValueThd": 29,
  "rsiRateUp": 2,
  "divergence_threshold": 0.03
}
--------------------
Rank 48:
  Sharpe Ratio: 0.88
  Total Return: 63.79%
  Max Drawdown: -19.80%
  Annualized Return: 13.69%
  Parameters: {
  "short_window": 3,
  "long_window": 10,
  "volume_mavg_Value": 11,
  "MaRateUp": 1.0,
  "VolumeSellRate": 2.0,
  "rsi_period": 7,
  "rsiValueThd": 31,
  "rsiRateUp": 2,
  "divergence_threshold": 0.03
}
--------------------
Rank 49:
  Sharpe Ratio: 0.88
  Total Return: 63.79%
  Max Drawdown: -19.80%
  Annualized Return: 13.69%
  Parameters: {
  "short_window": 3,
  "long_window": 10,
  "volume_mavg_Value": 11,
  "MaRateUp": 1.0,
  "VolumeSellRate": 2.0,
  "rsi_period": 7,
  "rsiValueThd": 33,
  "rsiRateUp": 2,
  "divergence_threshold": 0.03
}
--------------------
Rank 50:
  Sharpe Ratio: 0.88
  Total Return: 63.79%
  Max Drawdown: -19.80%
  Annualized Return: 13.69%
  Parameters: {
  "short_window": 3,
  "long_window": 10,
  "volume_mavg_Value": 11,
  "MaRateUp": 1.0,
  "VolumeSellRate": 2.0,
  "rsi_period": 9,
  "rsiValueThd": 33,
  "rsiRateUp": 2,
  "divergence_threshold": 0.03
}
--------------------
