Top 50 参数组合（512820，7:3 切分）
排序: Score = 0.7*Sharpe_valid + 0.3*Sharpe_train；Tie: 低MDD -> 高交易数 -> 高胜率
硬性筛选: MDD_train ≤ 20.0%，min_trades_train ≥ 5
============================================================
Rank 1: Score=1.5024 
  参数: {"short_window": 4, "long_window": 14, "volume_mavg_Value": 10, "MaRateUp": 0.95, "VolumeSellRate": 3, "rsi_period": 12, "rsiValueThd": 35, "rsiRateUp": 1.36, "divergence_threshold": 0.022}
  Train: Sharpe=0.480, AnnRet=4.26%, MaxDD=-8.80%, Trades=30, WinRate=40.0%
  Valid: Sharpe=1.941, AnnRet=22.37%, MaxDD=-5.34%, Trades=11, WinRate=63.6%
----------------------------------------
Rank 2: Score=1.4833 
  参数: {"short_window": 4, "long_window": 14, "volume_mavg_Value": 10, "MaRateUp": 1.0, "VolumeSellRate": 3, "rsi_period": 10, "rsiValueThd": 27, "rsiRateUp": 1.6, "divergence_threshold": 0.021}
  Train: Sharpe=0.376, AnnRet=3.04%, MaxDD=-7.28%, Trades=26, WinRate=42.3%
  Valid: Sharpe=1.958, AnnRet=22.40%, MaxDD=-5.34%, Trades=10, WinRate=70.0%
----------------------------------------
Rank 3: Score=1.4821 
  参数: {"short_window": 5, "long_window": 15, "volume_mavg_Value": 10, "MaRateUp": 0.97, "VolumeSellRate": 3, "rsi_period": 14, "rsiValueThd": 35, "rsiRateUp": 1.36, "divergence_threshold": 0.014}
  Train: Sharpe=0.496, AnnRet=5.28%, MaxDD=-13.62%, Trades=32, WinRate=53.1%
  Valid: Sharpe=1.905, AnnRet=25.70%, MaxDD=-7.65%, Trades=10, WinRate=80.0%
----------------------------------------
Rank 4: Score=1.4787  [验证交易数<10]
  参数: {"short_window": 5, "long_window": 16, "volume_mavg_Value": 10, "MaRateUp": 1.02, "VolumeSellRate": 3, "rsi_period": 16, "rsiValueThd": 30, "rsiRateUp": 1.52, "divergence_threshold": 0.014}
  Train: Sharpe=0.511, AnnRet=5.43%, MaxDD=-14.08%, Trades=29, WinRate=51.7%
  Valid: Sharpe=1.893, AnnRet=25.58%, MaxDD=-7.66%, Trades=9, WinRate=88.9%
----------------------------------------
Rank 5: Score=1.4703  [验证交易数<10]
  参数: {"short_window": 5, "long_window": 15, "volume_mavg_Value": 10, "MaRateUp": 0.98, "VolumeSellRate": 3, "rsi_period": 17, "rsiValueThd": 35, "rsiRateUp": 1.38, "divergence_threshold": 0.014}
  Train: Sharpe=0.479, AnnRet=5.07%, MaxDD=-13.62%, Trades=32, WinRate=53.1%
  Valid: Sharpe=1.895, AnnRet=25.38%, MaxDD=-7.65%, Trades=9, WinRate=77.8%
----------------------------------------
Rank 6: Score=1.4645  [验证交易数<10]
  参数: {"short_window": 5, "long_window": 15, "volume_mavg_Value": 10, "MaRateUp": 1.12, "VolumeSellRate": 3, "rsi_period": 10, "rsiValueThd": 28, "rsiRateUp": 1.16, "divergence_threshold": 0.015}
  Train: Sharpe=0.486, AnnRet=4.59%, MaxDD=-11.08%, Trades=27, WinRate=44.4%
  Valid: Sharpe=1.884, AnnRet=24.09%, MaxDD=-6.89%, Trades=9, WinRate=77.8%
----------------------------------------
Rank 7: Score=1.4645  [验证交易数<10]
  参数: {"short_window": 5, "long_window": 15, "volume_mavg_Value": 10, "MaRateUp": 1.09, "VolumeSellRate": 3, "rsi_period": 18, "rsiValueThd": 31, "rsiRateUp": 1.34, "divergence_threshold": 0.015}
  Train: Sharpe=0.510, AnnRet=4.80%, MaxDD=-9.59%, Trades=25, WinRate=48.0%
  Valid: Sharpe=1.873, AnnRet=23.73%, MaxDD=-6.89%, Trades=8, WinRate=75.0%
----------------------------------------
Rank 8: Score=1.4629 
  参数: {"short_window": 4, "long_window": 14, "volume_mavg_Value": 10, "MaRateUp": 0.95, "VolumeSellRate": 3, "rsi_period": 15, "rsiValueThd": 32, "rsiRateUp": 1.5, "divergence_threshold": 0.02}
  Train: Sharpe=0.603, AnnRet=5.72%, MaxDD=-7.82%, Trades=31, WinRate=51.6%
  Valid: Sharpe=1.831, AnnRet=20.99%, MaxDD=-5.38%, Trades=12, WinRate=66.7%
----------------------------------------
Rank 9: Score=1.4565 
  参数: {"short_window": 5, "long_window": 16, "volume_mavg_Value": 10, "MaRateUp": 1.05, "VolumeSellRate": 3, "rsi_period": 11, "rsiValueThd": 34, "rsiRateUp": 1.26, "divergence_threshold": 0.014}
  Train: Sharpe=0.413, AnnRet=4.04%, MaxDD=-14.02%, Trades=29, WinRate=51.7%
  Valid: Sharpe=1.904, AnnRet=25.94%, MaxDD=-7.66%, Trades=10, WinRate=90.0%
----------------------------------------
Rank 10: Score=1.4456 
  参数: {"short_window": 4, "long_window": 14, "volume_mavg_Value": 10, "MaRateUp": 0.99, "VolumeSellRate": 3, "rsi_period": 10, "rsiValueThd": 30, "rsiRateUp": 1.54, "divergence_threshold": 0.022}
  Train: Sharpe=0.291, AnnRet=2.16%, MaxDD=-8.09%, Trades=24, WinRate=37.5%
  Valid: Sharpe=1.941, AnnRet=22.37%, MaxDD=-5.34%, Trades=11, WinRate=63.6%
----------------------------------------
Rank 11: Score=1.4456  [验证交易数<10]
  参数: {"short_window": 5, "long_window": 15, "volume_mavg_Value": 10, "MaRateUp": 0.95, "VolumeSellRate": 3, "rsi_period": 11, "rsiValueThd": 29, "rsiRateUp": 1.3, "divergence_threshold": 0.015}
  Train: Sharpe=0.423, AnnRet=4.18%, MaxDD=-12.43%, Trades=28, WinRate=46.4%
  Valid: Sharpe=1.884, AnnRet=24.09%, MaxDD=-6.89%, Trades=9, WinRate=77.8%
----------------------------------------
Rank 12: Score=1.4344 
  参数: {"short_window": 4, "long_window": 15, "volume_mavg_Value": 10, "MaRateUp": 1.02, "VolumeSellRate": 3, "rsi_period": 14, "rsiValueThd": 28, "rsiRateUp": 1.0, "divergence_threshold": 0.018}
  Train: Sharpe=0.694, AnnRet=6.98%, MaxDD=-7.52%, Trades=32, WinRate=46.9%
  Valid: Sharpe=1.752, AnnRet=21.64%, MaxDD=-6.91%, Trades=11, WinRate=54.5%
----------------------------------------
Rank 13: Score=1.4315  [验证交易数<10]
  参数: {"short_window": 5, "long_window": 15, "volume_mavg_Value": 10, "MaRateUp": 1.02, "VolumeSellRate": 3, "rsi_period": 10, "rsiValueThd": 26, "rsiRateUp": 1.12, "divergence_threshold": 0.03}
  Train: Sharpe=0.442, AnnRet=3.32%, MaxDD=-8.07%, Trades=11, WinRate=36.4%
  Valid: Sharpe=1.855, AnnRet=17.99%, MaxDD=-6.51%, Trades=7, WinRate=71.4%
----------------------------------------
Rank 14: Score=1.4261 
  参数: {"short_window": 4, "long_window": 14, "volume_mavg_Value": 10, "MaRateUp": 0.98, "VolumeSellRate": 3, "rsi_period": 13, "rsiValueThd": 30, "rsiRateUp": 1.02, "divergence_threshold": 0.02}
  Train: Sharpe=0.481, AnnRet=4.18%, MaxDD=-7.82%, Trades=30, WinRate=53.3%
  Valid: Sharpe=1.831, AnnRet=20.99%, MaxDD=-5.38%, Trades=12, WinRate=66.7%
----------------------------------------
Rank 15: Score=1.4253 
  参数: {"short_window": 4, "long_window": 14, "volume_mavg_Value": 10, "MaRateUp": 0.96, "VolumeSellRate": 3, "rsi_period": 10, "rsiValueThd": 29, "rsiRateUp": 1.6, "divergence_threshold": 0.02}
  Train: Sharpe=0.458, AnnRet=3.96%, MaxDD=-7.82%, Trades=29, WinRate=48.3%
  Valid: Sharpe=1.840, AnnRet=21.31%, MaxDD=-5.38%, Trades=13, WinRate=69.2%
----------------------------------------
Rank 16: Score=1.4116 
  参数: {"short_window": 4, "long_window": 14, "volume_mavg_Value": 10, "MaRateUp": 0.95, "VolumeSellRate": 3, "rsi_period": 15, "rsiValueThd": 28, "rsiRateUp": 1.28, "divergence_threshold": 0.017}
  Train: Sharpe=0.559, AnnRet=5.67%, MaxDD=-9.81%, Trades=36, WinRate=44.4%
  Valid: Sharpe=1.777, AnnRet=21.09%, MaxDD=-5.37%, Trades=11, WinRate=63.6%
----------------------------------------
Rank 17: Score=1.4116  [验证交易数<10]
  参数: {"short_window": 5, "long_window": 17, "volume_mavg_Value": 10, "MaRateUp": 0.97, "VolumeSellRate": 3, "rsi_period": 11, "rsiValueThd": 28, "rsiRateUp": 1.14, "divergence_threshold": 0.017}
  Train: Sharpe=0.566, AnnRet=5.90%, MaxDD=-9.97%, Trades=30, WinRate=56.7%
  Valid: Sharpe=1.774, AnnRet=22.23%, MaxDD=-7.13%, Trades=8, WinRate=87.5%
----------------------------------------
Rank 18: Score=1.4078 
  参数: {"short_window": 3, "long_window": 18, "volume_mavg_Value": 10, "MaRateUp": 0.95, "VolumeSellRate": 3, "rsi_period": 15, "rsiValueThd": 33, "rsiRateUp": 1.28, "divergence_threshold": 0.028}
  Train: Sharpe=0.717, AnnRet=6.39%, MaxDD=-7.47%, Trades=19, WinRate=63.2%
  Valid: Sharpe=1.704, AnnRet=18.32%, MaxDD=-6.88%, Trades=12, WinRate=50.0%
----------------------------------------
Rank 19: Score=1.4056  [验证交易数<10]
  参数: {"short_window": 5, "long_window": 15, "volume_mavg_Value": 10, "MaRateUp": 0.95, "VolumeSellRate": 3, "rsi_period": 11, "rsiValueThd": 25, "rsiRateUp": 1.22, "divergence_threshold": 0.031}
  Train: Sharpe=0.356, AnnRet=2.72%, MaxDD=-10.37%, Trades=14, WinRate=42.9%
  Valid: Sharpe=1.855, AnnRet=17.99%, MaxDD=-6.51%, Trades=7, WinRate=71.4%
----------------------------------------
Rank 20: Score=1.4055  [验证交易数<10]
  参数: {"short_window": 5, "long_window": 15, "volume_mavg_Value": 10, "MaRateUp": 1.04, "VolumeSellRate": 3, "rsi_period": 12, "rsiValueThd": 33, "rsiRateUp": 1.16, "divergence_threshold": 0.015}
  Train: Sharpe=0.506, AnnRet=4.80%, MaxDD=-11.05%, Trades=28, WinRate=46.4%
  Valid: Sharpe=1.791, AnnRet=22.86%, MaxDD=-6.89%, Trades=9, WinRate=77.8%
----------------------------------------
Rank 21: Score=1.3999 
  参数: {"short_window": 4, "long_window": 14, "volume_mavg_Value": 10, "MaRateUp": 1.01, "VolumeSellRate": 3, "rsi_period": 12, "rsiValueThd": 27, "rsiRateUp": 1.48, "divergence_threshold": 0.02}
  Train: Sharpe=0.393, AnnRet=3.27%, MaxDD=-7.82%, Trades=26, WinRate=46.2%
  Valid: Sharpe=1.831, AnnRet=20.99%, MaxDD=-5.38%, Trades=12, WinRate=66.7%
----------------------------------------
Rank 22: Score=1.3974 
  参数: {"short_window": 3, "long_window": 18, "volume_mavg_Value": 10, "MaRateUp": 1.18, "VolumeSellRate": 3, "rsi_period": 16, "rsiValueThd": 29, "rsiRateUp": 1.44, "divergence_threshold": 0.028}
  Train: Sharpe=0.734, AnnRet=5.83%, MaxDD=-7.43%, Trades=13, WinRate=76.9%
  Valid: Sharpe=1.682, AnnRet=16.68%, MaxDD=-4.70%, Trades=11, WinRate=45.5%
----------------------------------------
Rank 23: Score=1.3966 
  参数: {"short_window": 3, "long_window": 18, "volume_mavg_Value": 10, "MaRateUp": 1.15, "VolumeSellRate": 3, "rsi_period": 18, "rsiValueThd": 25, "rsiRateUp": 1.56, "divergence_threshold": 0.028}
  Train: Sharpe=0.731, AnnRet=5.98%, MaxDD=-7.43%, Trades=14, WinRate=78.6%
  Valid: Sharpe=1.682, AnnRet=16.68%, MaxDD=-4.70%, Trades=11, WinRate=45.5%
----------------------------------------
Rank 24: Score=1.3966 
  参数: {"short_window": 3, "long_window": 18, "volume_mavg_Value": 10, "MaRateUp": 1.13, "VolumeSellRate": 3, "rsi_period": 17, "rsiValueThd": 29, "rsiRateUp": 1.52, "divergence_threshold": 0.028}
  Train: Sharpe=0.731, AnnRet=5.98%, MaxDD=-7.43%, Trades=14, WinRate=78.6%
  Valid: Sharpe=1.682, AnnRet=16.68%, MaxDD=-4.70%, Trades=11, WinRate=45.5%
----------------------------------------
Rank 25: Score=1.3963 
  参数: {"short_window": 4, "long_window": 15, "volume_mavg_Value": 10, "MaRateUp": 1.0, "VolumeSellRate": 3, "rsi_period": 16, "rsiValueThd": 28, "rsiRateUp": 1.24, "divergence_threshold": 0.017}
  Train: Sharpe=0.609, AnnRet=6.22%, MaxDD=-9.84%, Trades=33, WinRate=48.5%
  Valid: Sharpe=1.734, AnnRet=22.66%, MaxDD=-7.52%, Trades=12, WinRate=66.7%
----------------------------------------
Rank 26: Score=1.3963 
  参数: {"short_window": 4, "long_window": 15, "volume_mavg_Value": 10, "MaRateUp": 1.0, "VolumeSellRate": 3, "rsi_period": 17, "rsiValueThd": 27, "rsiRateUp": 1.2, "divergence_threshold": 0.017}
  Train: Sharpe=0.609, AnnRet=6.22%, MaxDD=-9.84%, Trades=33, WinRate=48.5%
  Valid: Sharpe=1.734, AnnRet=22.66%, MaxDD=-7.52%, Trades=12, WinRate=66.7%
----------------------------------------
Rank 27: Score=1.3962 
  参数: {"short_window": 3, "long_window": 18, "volume_mavg_Value": 10, "MaRateUp": 1.0, "VolumeSellRate": 3, "rsi_period": 16, "rsiValueThd": 29, "rsiRateUp": 1.2, "divergence_threshold": 0.028}
  Train: Sharpe=0.678, AnnRet=5.55%, MaxDD=-7.47%, Trades=15, WinRate=73.3%
  Valid: Sharpe=1.704, AnnRet=18.32%, MaxDD=-6.88%, Trades=12, WinRate=50.0%
----------------------------------------
Rank 28: Score=1.3962 
  参数: {"short_window": 3, "long_window": 18, "volume_mavg_Value": 10, "MaRateUp": 1.04, "VolumeSellRate": 3, "rsi_period": 18, "rsiValueThd": 26, "rsiRateUp": 1.2, "divergence_threshold": 0.028}
  Train: Sharpe=0.678, AnnRet=5.55%, MaxDD=-7.47%, Trades=15, WinRate=73.3%
  Valid: Sharpe=1.704, AnnRet=18.32%, MaxDD=-6.88%, Trades=12, WinRate=50.0%
----------------------------------------
Rank 29: Score=1.3915  [验证交易数<10]
  参数: {"short_window": 5, "long_window": 17, "volume_mavg_Value": 10, "MaRateUp": 1.14, "VolumeSellRate": 3, "rsi_period": 16, "rsiValueThd": 30, "rsiRateUp": 1.44, "divergence_threshold": 0.017}
  Train: Sharpe=0.499, AnnRet=4.69%, MaxDD=-9.97%, Trades=25, WinRate=56.0%
  Valid: Sharpe=1.774, AnnRet=22.23%, MaxDD=-7.13%, Trades=8, WinRate=87.5%
----------------------------------------
Rank 30: Score=1.3865 
  参数: {"short_window": 4, "long_window": 13, "volume_mavg_Value": 9, "MaRateUp": 1.08, "VolumeSellRate": 3, "rsi_period": 12, "rsiValueThd": 35, "rsiRateUp": 1.54, "divergence_threshold": 0.019}
  Train: Sharpe=0.754, AnnRet=7.66%, MaxDD=-7.33%, Trades=33, WinRate=51.5%
  Valid: Sharpe=1.657, AnnRet=16.88%, MaxDD=-5.36%, Trades=11, WinRate=81.8%
----------------------------------------
Rank 31: Score=1.3837  [验证交易数<10]
  参数: {"short_window": 5, "long_window": 15, "volume_mavg_Value": 10, "MaRateUp": 1.0, "VolumeSellRate": 3, "rsi_period": 12, "rsiValueThd": 30, "rsiRateUp": 1.36, "divergence_threshold": 0.02}
  Train: Sharpe=0.772, AnnRet=7.39%, MaxDD=-8.76%, Trades=22, WinRate=54.5%
  Valid: Sharpe=1.646, AnnRet=19.08%, MaxDD=-6.51%, Trades=9, WinRate=66.7%
----------------------------------------
Rank 32: Score=1.3810 
  参数: {"short_window": 4, "long_window": 14, "volume_mavg_Value": 10, "MaRateUp": 0.99, "VolumeSellRate": 3, "rsi_period": 15, "rsiValueThd": 35, "rsiRateUp": 1.6, "divergence_threshold": 0.015}
  Train: Sharpe=0.438, AnnRet=4.20%, MaxDD=-10.06%, Trades=36, WinRate=50.0%
  Valid: Sharpe=1.785, AnnRet=23.83%, MaxDD=-9.21%, Trades=12, WinRate=66.7%
----------------------------------------
Rank 33: Score=1.3787 
  参数: {"short_window": 5, "long_window": 15, "volume_mavg_Value": 10, "MaRateUp": 0.97, "VolumeSellRate": 3, "rsi_period": 11, "rsiValueThd": 33, "rsiRateUp": 1.32, "divergence_threshold": 0.017}
  Train: Sharpe=0.606, AnnRet=6.01%, MaxDD=-10.15%, Trades=28, WinRate=57.1%
  Valid: Sharpe=1.710, AnnRet=20.83%, MaxDD=-6.90%, Trades=11, WinRate=63.6%
----------------------------------------
Rank 34: Score=1.3775 
  参数: {"short_window": 4, "long_window": 14, "volume_mavg_Value": 10, "MaRateUp": 1.07, "VolumeSellRate": 3, "rsi_period": 10, "rsiValueThd": 28, "rsiRateUp": 1.34, "divergence_threshold": 0.022}
  Train: Sharpe=0.528, AnnRet=4.18%, MaxDD=-7.01%, Trades=21, WinRate=38.1%
  Valid: Sharpe=1.742, AnnRet=18.67%, MaxDD=-4.10%, Trades=10, WinRate=60.0%
----------------------------------------
Rank 35: Score=1.3773 
  参数: {"short_window": 3, "long_window": 18, "volume_mavg_Value": 10, "MaRateUp": 1.09, "VolumeSellRate": 3, "rsi_period": 18, "rsiValueThd": 28, "rsiRateUp": 1.04, "divergence_threshold": 0.028}
  Train: Sharpe=0.667, AnnRet=5.45%, MaxDD=-7.47%, Trades=16, WinRate=68.8%
  Valid: Sharpe=1.682, AnnRet=16.68%, MaxDD=-4.70%, Trades=11, WinRate=45.5%
----------------------------------------
Rank 36: Score=1.3752 
  参数: {"short_window": 4, "long_window": 14, "volume_mavg_Value": 10, "MaRateUp": 0.98, "VolumeSellRate": 3, "rsi_period": 17, "rsiValueThd": 29, "rsiRateUp": 1.28, "divergence_threshold": 0.017}
  Train: Sharpe=0.437, AnnRet=4.08%, MaxDD=-9.81%, Trades=34, WinRate=44.1%
  Valid: Sharpe=1.777, AnnRet=21.09%, MaxDD=-5.37%, Trades=11, WinRate=63.6%
----------------------------------------
Rank 37: Score=1.3744  [验证交易数<10]
  参数: {"short_window": 5, "long_window": 15, "volume_mavg_Value": 10, "MaRateUp": 0.98, "VolumeSellRate": 3, "rsi_period": 13, "rsiValueThd": 27, "rsiRateUp": 1.14, "divergence_threshold": 0.027}
  Train: Sharpe=0.529, AnnRet=4.64%, MaxDD=-8.82%, Trades=17, WinRate=41.2%
  Valid: Sharpe=1.737, AnnRet=17.05%, MaxDD=-6.51%, Trades=7, WinRate=71.4%
----------------------------------------
Rank 38: Score=1.3744  [验证交易数<10]
  参数: {"short_window": 5, "long_window": 15, "volume_mavg_Value": 10, "MaRateUp": 0.95, "VolumeSellRate": 3, "rsi_period": 11, "rsiValueThd": 28, "rsiRateUp": 1.18, "divergence_threshold": 0.027}
  Train: Sharpe=0.529, AnnRet=4.64%, MaxDD=-8.82%, Trades=17, WinRate=41.2%
  Valid: Sharpe=1.737, AnnRet=17.05%, MaxDD=-6.51%, Trades=7, WinRate=71.4%
----------------------------------------
Rank 39: Score=1.3729 
  参数: {"short_window": 4, "long_window": 14, "volume_mavg_Value": 10, "MaRateUp": 1.03, "VolumeSellRate": 3, "rsi_period": 14, "rsiValueThd": 34, "rsiRateUp": 1.5, "divergence_threshold": 0.022}
  Train: Sharpe=0.512, AnnRet=4.06%, MaxDD=-7.91%, Trades=23, WinRate=43.5%
  Valid: Sharpe=1.742, AnnRet=18.67%, MaxDD=-4.10%, Trades=10, WinRate=60.0%
----------------------------------------
Rank 40: Score=1.3721 
  参数: {"short_window": 4, "long_window": 15, "volume_mavg_Value": 10, "MaRateUp": 1.02, "VolumeSellRate": 3, "rsi_period": 14, "rsiValueThd": 35, "rsiRateUp": 1.56, "divergence_threshold": 0.022}
  Train: Sharpe=0.605, AnnRet=5.44%, MaxDD=-8.08%, Trades=27, WinRate=48.1%
  Valid: Sharpe=1.701, AnnRet=19.73%, MaxDD=-6.88%, Trades=12, WinRate=66.7%
----------------------------------------
Rank 41: Score=1.3707 
  参数: {"short_window": 4, "long_window": 14, "volume_mavg_Value": 10, "MaRateUp": 1.01, "VolumeSellRate": 3, "rsi_period": 12, "rsiValueThd": 31, "rsiRateUp": 1.04, "divergence_threshold": 0.015}
  Train: Sharpe=0.403, AnnRet=3.82%, MaxDD=-11.01%, Trades=36, WinRate=44.4%
  Valid: Sharpe=1.785, AnnRet=23.83%, MaxDD=-9.21%, Trades=12, WinRate=66.7%
----------------------------------------
Rank 42: Score=1.3690  [验证交易数<10]
  参数: {"short_window": 5, "long_window": 15, "volume_mavg_Value": 10, "MaRateUp": 1.03, "VolumeSellRate": 3, "rsi_period": 17, "rsiValueThd": 32, "rsiRateUp": 1.12, "divergence_threshold": 0.025}
  Train: Sharpe=0.701, AnnRet=6.05%, MaxDD=-8.24%, Trades=15, WinRate=46.7%
  Valid: Sharpe=1.655, AnnRet=17.07%, MaxDD=-4.31%, Trades=6, WinRate=83.3%
----------------------------------------
Rank 43: Score=1.3687  [验证交易数<10]
  参数: {"short_window": 5, "long_window": 15, "volume_mavg_Value": 10, "MaRateUp": 1.03, "VolumeSellRate": 3, "rsi_period": 12, "rsiValueThd": 28, "rsiRateUp": 1.22, "divergence_threshold": 0.025}
  Train: Sharpe=0.700, AnnRet=6.04%, MaxDD=-8.27%, Trades=14, WinRate=42.9%
  Valid: Sharpe=1.655, AnnRet=17.07%, MaxDD=-4.31%, Trades=6, WinRate=83.3%
----------------------------------------
Rank 44: Score=1.3674  [验证交易数<10]
  参数: {"short_window": 5, "long_window": 16, "volume_mavg_Value": 10, "MaRateUp": 1.05, "VolumeSellRate": 3, "rsi_period": 11, "rsiValueThd": 31, "rsiRateUp": 1.22, "divergence_threshold": 0.016}
  Train: Sharpe=0.285, AnnRet=2.46%, MaxDD=-11.03%, Trades=28, WinRate=42.9%
  Valid: Sharpe=1.831, AnnRet=23.41%, MaxDD=-6.89%, Trades=9, WinRate=88.9%
----------------------------------------
Rank 45: Score=1.3664 
  参数: {"short_window": 4, "long_window": 13, "volume_mavg_Value": 9, "MaRateUp": 0.99, "VolumeSellRate": 3, "rsi_period": 10, "rsiValueThd": 26, "rsiRateUp": 1.6, "divergence_threshold": 0.019}
  Train: Sharpe=0.710, AnnRet=7.17%, MaxDD=-8.13%, Trades=34, WinRate=50.0%
  Valid: Sharpe=1.648, AnnRet=16.54%, MaxDD=-5.36%, Trades=10, WinRate=80.0%
----------------------------------------
Rank 46: Score=1.3629  [验证交易数<10]
  参数: {"short_window": 5, "long_window": 15, "volume_mavg_Value": 10, "MaRateUp": 1.06, "VolumeSellRate": 3, "rsi_period": 15, "rsiValueThd": 27, "rsiRateUp": 1.0, "divergence_threshold": 0.026}
  Train: Sharpe=0.543, AnnRet=4.25%, MaxDD=-8.24%, Trades=14, WinRate=35.7%
  Valid: Sharpe=1.714, AnnRet=15.26%, MaxDD=-3.44%, Trades=5, WinRate=80.0%
----------------------------------------
Rank 47: Score=1.3629  [验证交易数<10]
  参数: {"short_window": 5, "long_window": 15, "volume_mavg_Value": 10, "MaRateUp": 1.1, "VolumeSellRate": 3, "rsi_period": 15, "rsiValueThd": 27, "rsiRateUp": 1.04, "divergence_threshold": 0.026}
  Train: Sharpe=0.543, AnnRet=4.25%, MaxDD=-8.24%, Trades=14, WinRate=35.7%
  Valid: Sharpe=1.714, AnnRet=15.26%, MaxDD=-3.44%, Trades=5, WinRate=80.0%
----------------------------------------
Rank 48: Score=1.3512  [验证交易数<10]
  参数: {"short_window": 4, "long_window": 13, "volume_mavg_Value": 9, "MaRateUp": 0.95, "VolumeSellRate": 3, "rsi_period": 16, "rsiValueThd": 31, "rsiRateUp": 1.48, "divergence_threshold": 0.02}
  Train: Sharpe=0.695, AnnRet=7.08%, MaxDD=-8.20%, Trades=35, WinRate=48.6%
  Valid: Sharpe=1.632, AnnRet=16.37%, MaxDD=-5.36%, Trades=9, WinRate=77.8%
----------------------------------------
Rank 49: Score=1.3509  [验证交易数<10]
  参数: {"short_window": 4, "long_window": 13, "volume_mavg_Value": 9, "MaRateUp": 0.95, "VolumeSellRate": 3, "rsi_period": 16, "rsiValueThd": 29, "rsiRateUp": 1.48, "divergence_threshold": 0.02}
  Train: Sharpe=0.694, AnnRet=7.07%, MaxDD=-8.20%, Trades=34, WinRate=47.1%
  Valid: Sharpe=1.632, AnnRet=16.37%, MaxDD=-5.36%, Trades=9, WinRate=77.8%
----------------------------------------
Rank 50: Score=1.3462 
  参数: {"short_window": 3, "long_window": 18, "volume_mavg_Value": 10, "MaRateUp": 0.95, "VolumeSellRate": 3, "rsi_period": 17, "rsiValueThd": 29, "rsiRateUp": 1.16, "divergence_threshold": 0.027}
  Train: Sharpe=0.814, AnnRet=7.39%, MaxDD=-7.43%, Trades=20, WinRate=65.0%
  Valid: Sharpe=1.574, AnnRet=17.17%, MaxDD=-6.88%, Trades=11, WinRate=54.5%
----------------------------------------
