Top 10 Parameter Combinations for d:\Code\Ai\jinrongTest\guPiaoJiaoYi\stock_data\159915\159915_FindReturn.log
Ranked by Annualized Return, then Sharpe Ratio, then Max Drawdown
==================================================
Rank 1:
  Sharpe Ratio: 1.51
  Total Return: 106.90%
  Max Drawdown: -8.40%
  Annualized Return: 28.71%
  Parameters: {'short_window': np.int64(5), 'long_window': np.int64(13), 'volume_mavg_Value': np.int64(10), 'MaRateUp': np.float64(1.5), 'VolumeSellRate': np.float64(3.0), 'rsi_period': np.int64(13), 'rsiValueThd': np.int64(27), 'rsiRateUp': np.float64(1.0), 'divergence_threshold': np.float64(0.04)}
--------------------
Rank 2:
  Sharpe Ratio: 1.51
  Total Return: 106.90%
  Max Drawdown: -8.40%
  Annualized Return: 28.71%
  Parameters: {'short_window': np.int64(5), 'long_window': np.int64(13), 'volume_mavg_Value': np.int64(10), 'MaRateUp': np.float64(1.5), 'VolumeSellRate': np.float64(4.0), 'rsi_period': np.int64(13), 'rsiValueThd': np.int64(27), 'rsiRateUp': np.float64(1.0), 'divergence_threshold': np.float64(0.04)}
--------------------
Rank 3:
  Sharpe Ratio: 1.53
  Total Return: 105.09%
  Max Drawdown: -6.15%
  Annualized Return: 28.32%
  Parameters: {'short_window': np.int64(5), 'long_window': np.int64(13), 'volume_mavg_Value': np.int64(10), 'MaRateUp': np.float64(1.5), 'VolumeSellRate': np.float64(3.0), 'rsi_period': np.int64(13), 'rsiValueThd': np.int64(26), 'rsiRateUp': np.float64(1.0), 'divergence_threshold': np.float64(0.04)}
--------------------
Rank 4:
  Sharpe Ratio: 1.53
  Total Return: 105.09%
  Max Drawdown: -6.15%
  Annualized Return: 28.32%
  Parameters: {'short_window': np.int64(5), 'long_window': np.int64(13), 'volume_mavg_Value': np.int64(10), 'MaRateUp': np.float64(1.5), 'VolumeSellRate': np.float64(4.0), 'rsi_period': np.int64(13), 'rsiValueThd': np.int64(26), 'rsiRateUp': np.float64(1.0), 'divergence_threshold': np.float64(0.04)}
--------------------
Rank 5:
  Sharpe Ratio: 1.42
  Total Return: 101.48%
  Max Drawdown: -9.87%
  Annualized Return: 27.53%
  Parameters: {'short_window': np.int64(5), 'long_window': np.int64(13), 'volume_mavg_Value': np.int64(10), 'MaRateUp': np.float64(1.5), 'VolumeSellRate': np.float64(3.0), 'rsi_period': np.int64(10), 'rsiValueThd': np.int64(25), 'rsiRateUp': np.float64(1.0), 'divergence_threshold': np.float64(0.04)}
--------------------
Rank 6:
  Sharpe Ratio: 1.42
  Total Return: 101.48%
  Max Drawdown: -9.87%
  Annualized Return: 27.53%
  Parameters: {'short_window': np.int64(5), 'long_window': np.int64(13), 'volume_mavg_Value': np.int64(10), 'MaRateUp': np.float64(1.5), 'VolumeSellRate': np.float64(4.0), 'rsi_period': np.int64(10), 'rsiValueThd': np.int64(25), 'rsiRateUp': np.float64(1.0), 'divergence_threshold': np.float64(0.04)}
--------------------
Rank 7:
  Sharpe Ratio: 1.41
  Total Return: 101.42%
  Max Drawdown: -9.42%
  Annualized Return: 27.51%
  Parameters: {'short_window': np.int64(4), 'long_window': np.int64(13), 'volume_mavg_Value': np.int64(10), 'MaRateUp': np.float64(1.5), 'VolumeSellRate': np.float64(3.0), 'rsi_period': np.int64(13), 'rsiValueThd': np.int64(27), 'rsiRateUp': np.float64(1.0), 'divergence_threshold': np.float64(0.04)}
--------------------
Rank 8:
  Sharpe Ratio: 1.41
  Total Return: 101.42%
  Max Drawdown: -9.42%
  Annualized Return: 27.51%
  Parameters: {'short_window': np.int64(4), 'long_window': np.int64(13), 'volume_mavg_Value': np.int64(10), 'MaRateUp': np.float64(1.5), 'VolumeSellRate': np.float64(4.0), 'rsi_period': np.int64(13), 'rsiValueThd': np.int64(27), 'rsiRateUp': np.float64(1.0), 'divergence_threshold': np.float64(0.04)}
--------------------
Rank 9:
  Sharpe Ratio: 1.48
  Total Return: 101.29%
  Max Drawdown: -6.13%
  Annualized Return: 27.48%
  Parameters: {'short_window': np.int64(5), 'long_window': np.int64(13), 'volume_mavg_Value': np.int64(10), 'MaRateUp': np.float64(1.5), 'VolumeSellRate': np.float64(3.0), 'rsi_period': np.int64(13), 'rsiValueThd': np.int64(25), 'rsiRateUp': np.float64(1.0), 'divergence_threshold': np.float64(0.04)}
--------------------
Rank 10:
  Sharpe Ratio: 1.48
  Total Return: 101.29%
  Max Drawdown: -6.13%
  Annualized Return: 27.48%
  Parameters: {'short_window': np.int64(5), 'long_window': np.int64(13), 'volume_mavg_Value': np.int64(10), 'MaRateUp': np.float64(1.5), 'VolumeSellRate': np.float64(4.0), 'rsi_period': np.int64(13), 'rsiValueThd': np.int64(25), 'rsiRateUp': np.float64(1.0), 'divergence_threshold': np.float64(0.04)}
--------------------
